{
  "RSpec": {
    "coverage": {
      "/Users/jishnu/learning/repo-search/app/services/repos/search.rb": {
        "lines": [
          null,
          null,
          1,
          1,
          1,
          null,
          1,
          3,
          3,
          null,
          null,
          1,
          3,
          3,
          null,
          null,
          1,
          null,
          1,
          3,
          null,
          null,
          null
        ]
      },
      "/Users/jishnu/learning/repo-search/app/services/base_service.rb": {
        "lines": [
          null,
          null,
          1,
          1,
          3,
          null,
          null
        ]
      },
      "/Users/jishnu/learning/repo-search/lib/github/search_repo.rb": {
        "lines": [
          null,
          null,
          1,
          1,
          1,
          3,
          3,
          3,
          3,
          null,
          null,
          1,
          3,
          null,
          null,
          null,
          null,
          null,
          null,
          null,
          null,
          1,
          31,
          null,
          null,
          null
        ]
      },
      "/Users/jishnu/learning/repo-search/app/controllers/repositories_controller.rb": {
        "lines": [
          null,
          null,
          1,
          1,
          2,
          null,
          null,
          1,
          null,
          1,
          2,
          null,
          2,
          null,
          null,
          null
        ]
      },
      "/Users/jishnu/learning/repo-search/app/controllers/application_controller.rb": {
        "lines": [
          null,
          null,
          1,
          null
        ]
      }
    },
    "timestamp": 1645468228
  }
}
